  Assembling main.asm...
main.asm(2): error A2008: syntax error : .
main.asm(3): error A2008: syntax error : .
C:\masm32\include\windows.inc(9750): error A2008: syntax errorC:\masm32\include\windows.inc(10183)d size
C:\masm32\include\windows.inc(10183): error A2008: syntax erro
C:\masm32\include\windows.inc(16333): error A2008: syntax erroC:\masm32\include\windows.inc(18862)d size
C:\masm32\include\windows.inc(18862): error A2008: syntax erroC:\masm32\include\winextra.inc(11052)ed size
C:\masm32\include\winextra.inc(11052): error A2026: constant eC:\masm32\include\winextra.inc(11053)ed size
C:\masm32\include\winextra.inc(11053): error A2026: constant emain.asm(107) : error A2070:invalid instruction operands
main.asm(108): error A2070: invalid instruction operands
main.asm(122): error A2070: invalid instruction operands
main.asm(123): error A2070: invalid instruction operands
main.asm(129): error A2070: invalid instruction operands
main.asm(130): error A2070: invalid instruction operands
main.asm(217): error A2070: invalid instruction operands
main.asm(218): error A2070: invalid instruction operands
main.asm(232): error A2070: invalid instruction operands
main.asm(233): error A2070: invalid instruction operands
main.asm(239): error A2070: invalid instruction operands
main.asm(240): error A2070: invalid instruction operands
main.asm(244): error A2008: syntax error : DllEntry
main.asm(244): error A2088: END directive required at end of file
main.asm(32): error A2022: instruction operands must be the same size
main.asm(33): error A2022: instruction operands must be the same size
main.asm(52): error A2022: instruction operands must be the same size
main.asm(53): error A2022: instruction operands must be the same size
main.asm(142): error A2022: instruction operands must be the same size
main.asm(143): error A2022: instruction operands must be the same size
main.asm(162): error A2022: instruction operands must be the same size
main.asm(163): error A2022: instruction operands must be the same size
main.asm(15): warning A6004: procedure argument or local not referenced : hInstDLL
main.asm(15): warning A6004: procedure argument or local not referenced : reason
main.asm(15): warning A6004: procedure argument or local not referenced : reserved1
C:\Program Files (x86)\MSBuild\Microsoft.Cpp\v4.0\V140\BuildCustomizations\masm.targets(50,5): error MSB3721: The command "ml64.exe /c /nologo /Zi /Fo"x64\Debug\main.obj" /W3 /errorReport:prompt  /Tamain.asm" exited with code 1.
